app/build/outputs/logs/manifest-merger-debug-report.txt
-- Merging decision tree log ---
manifest
ADDED from src/main/AndroidManifest.xml:2:1-79:12
	xmlns:android
		ADDED from src/main/AndroidManifest.xml:2:11-69
	package
		ADDED from src/main/AndroidManifest.xml:3:5-35
		INJECTED from src/main/AndroidManifest.xml
		INJECTED from src/main/AndroidManifest.xml
	android:versionName
		ADDED from src/main/AndroidManifest.xml:5:5-30
		INJECTED from src/main/AndroidManifest.xml
		INJECTED from src/main/AndroidManifest.xml
	android:versionCode
		ADDED from src/main/AndroidManifest.xml:4:5-28
		INJECTED from src/main/AndroidManifest.xml
		INJECTED from src/main/AndroidManifest.xml
uses-permission#android.permission.INTERNET
ADDED from src/main/AndroidManifest.xml:7:5-67
	android:name
		ADDED from src/main/AndroidManifest.xml:7:22-64
uses-permission#android.permission.WRITE_EXTERNAL_STORAGE
ADDED from src/main/AndroidManifest.xml:8:5-81
	android:name
		ADDED from src/main/AndroidManifest.xml:8:22-78
uses-permission#android.permission.ACCESS_NETWORK_STATE
ADDED from src/main/AndroidManifest.xml:9:5-79
	android:name
		ADDED from src/main/AndroidManifest.xml:9:22-76
uses-permission#android.permission.RECORD_AUDIO
ADDED from src/main/AndroidManifest.xml:10:5-71
	android:name
		ADDED from src/main/AndroidManifest.xml:10:22-68
uses-permission#android.permission.CAMERA
ADDED from src/main/AndroidManifest.xml:11:5-65
	android:name
		ADDED from src/main/AndroidManifest.xml:11:22-62
uses-permission#android.permission.READ_PHONE_STATE
ADDED from src/main/AndroidManifest.xml:12:5-75
	android:name
		ADDED from src/main/AndroidManifest.xml:12:22-72
uses-permission#android.permission.CALL_PHONE
ADDED from src/main/AndroidManifest.xml:13:5-69
	android:name
		ADDED from src/main/AndroidManifest.xml:13:22-66
uses-permission#android.permission.VIBRATE
ADDED from src/main/AndroidManifest.xml:14:5-66
	android:name
		ADDED from src/main/AndroidManifest.xml:14:22-63
uses-permission#android.permission.ACCESS_WIFI_STATE
ADDED from src/main/AndroidManifest.xml:15:5-76
	android:name
		ADDED from src/main/AndroidManifest.xml:15:22-73
uses-permission#android.permission.CHANGE_WIFI_STATE
ADDED from src/main/AndroidManifest.xml:16:5-76
	android:name
		ADDED from src/main/AndroidManifest.xml:16:22-73
uses-permission#android.permission.WRITE_SETTINGS
ADDED from src/main/AndroidManifest.xml:17:5-73
	android:name
		ADDED from src/main/AndroidManifest.xml:17:22-70
uses-permission#android.permission.FLASHLIGHT
ADDED from src/main/AndroidManifest.xml:18:5-69
	android:name
		ADDED from src/main/AndroidManifest.xml:18:22-66
uses-permission#android.permission.MOUNT_UNMOUNT_FILESYSTEMS
ADDED from src/main/AndroidManifest.xml:19:5-84
	android:name
		ADDED from src/main/AndroidManifest.xml:19:22-81
uses-permission#android.permission.READ_LOGS
ADDED from src/main/AndroidManifest.xml:20:5-68
	android:name
		ADDED from src/main/AndroidManifest.xml:20:22-65
uses-permission#android.permission.WAKE_LOCK
ADDED from src/main/AndroidManifest.xml:21:5-68
	android:name
		ADDED from src/main/AndroidManifest.xml:21:22-65
uses-permission#android.permission.ACCESS_FINE_LOCATION
ADDED from src/main/AndroidManifest.xml:22:5-79
	android:name
		ADDED from src/main/AndroidManifest.xml:22:22-76
uses-permission#android.permission.ACCESS_COARSE_LOCATION
ADDED from src/main/AndroidManifest.xml:23:5-81
	android:name
		ADDED from src/main/AndroidManifest.xml:23:22-78
uses-permission#android.permission.ACCESS_GPS
ADDED from src/main/AndroidManifest.xml:24:5-69
	android:name
		ADDED from src/main/AndroidManifest.xml:24:22-66
uses-feature#android.hardware.camera
ADDED from src/main/AndroidManifest.xml:26:5-60
	android:name
		ADDED from src/main/AndroidManifest.xml:26:19-57
uses-feature#android.hardware.camera.autofocus
ADDED from src/main/AndroidManifest.xml:27:5-70
	android:name
		ADDED from src/main/AndroidManifest.xml:27:19-67
application
ADDED from src/main/AndroidManifest.xml:29:5-78:19
MERGED from [com.android.support:support-v4:21.0.3] AndroidManifest.xml:16:5-19
MERGED from [cn.pedant.sweetalert:library:1.3] AndroidManifest.xml:11:5-20
MERGED from [com.pnikosis:materialish-progress:1.0] AndroidManifest.xml:11:5-15:19
MERGED from [com.android.support:appcompat-v7:21.0.0] AndroidManifest.xml:16:5-19
MERGED from [com.android.support:support-v4:21.0.3] AndroidManifest.xml:16:5-19
	android:screenOrientation
		ADDED from src/main/AndroidManifest.xml:34:9-45
	android:label
		ADDED from src/main/AndroidManifest.xml:33:9-41
	android:allowBackup
		ADDED from src/main/AndroidManifest.xml:31:9-35
	android:icon
		ADDED from src/main/AndroidManifest.xml:32:9-45
	android:theme
		ADDED from src/main/AndroidManifest.xml:35:9-62
	android:name
		ADDED from src/main/AndroidManifest.xml:30:9-65
service#com.baidu.location.f
ADDED from src/main/AndroidManifest.xml:36:9-39:41
	android:process
		ADDED from src/main/AndroidManifest.xml:39:13-38
	android:enabled
		ADDED from src/main/AndroidManifest.xml:38:13-35
	android:name
		ADDED from src/main/AndroidManifest.xml:37:13-48
meta-data#com.baidu.lbsapi.API_KEY
ADDED from src/main/AndroidManifest.xml:41:9-43:64
	android:name
		ADDED from src/main/AndroidManifest.xml:42:13-52
	android:value
		ADDED from src/main/AndroidManifest.xml:43:13-61
activity#com.yuchengtech.mrtn.login.ui.LoginActivity
ADDED from src/main/AndroidManifest.xml:45:9-52:20
	android:windowSoftInputMode
		ADDED from src/main/AndroidManifest.xml:47:13-67
	android:name
		ADDED from src/main/AndroidManifest.xml:46:13-71
intent-filter#android.intent.action.MAIN+android.intent.category.LAUNCHER
ADDED from src/main/AndroidManifest.xml:48:13-51:29
action#android.intent.action.MAIN
ADDED from src/main/AndroidManifest.xml:49:17-69
	android:name
		ADDED from src/main/AndroidManifest.xml:49:25-66
category#android.intent.category.LAUNCHER
ADDED from src/main/AndroidManifest.xml:50:17-77
	android:name
		ADDED from src/main/AndroidManifest.xml:50:27-74
activity#com.yuchengtech.mrtn.main.ui.MainActivity
ADDED from src/main/AndroidManifest.xml:53:9-78
	android:name
		ADDED from src/main/AndroidManifest.xml:53:19-75
activity#com.yuchengtech.mrtn.merchant.ui.QueryMerchantActivity
ADDED from src/main/AndroidManifest.xml:55:9-57:70
	android:windowSoftInputMode
		ADDED from src/main/AndroidManifest.xml:57:13-67
	android:name
		ADDED from src/main/AndroidManifest.xml:56:13-82
activity#com.yuchengtech.mrtn.merchant.ui.MerchantInfoActivity
ADDED from src/main/AndroidManifest.xml:58:9-90
	android:name
		ADDED from src/main/AndroidManifest.xml:58:19-87
activity#com.yuchengtech.mrtn.scan.ui.ScanCodeActivity
ADDED from src/main/AndroidManifest.xml:60:9-62:70
	android:windowSoftInputMode
		ADDED from src/main/AndroidManifest.xml:62:13-67
	android:name
		ADDED from src/main/AndroidManifest.xml:61:13-73
activity#com.yuchengtech.mrtn.Zxing.CaptureActivity
ADDED from src/main/AndroidManifest.xml:63:9-79
	android:name
		ADDED from src/main/AndroidManifest.xml:63:19-76
activity#com.yuchengtech.mrtn.order.ui.QueryOrdersActivity
ADDED from src/main/AndroidManifest.xml:65:9-67:70
	android:windowSoftInputMode
		ADDED from src/main/AndroidManifest.xml:67:13-67
	android:name
		ADDED from src/main/AndroidManifest.xml:66:13-77
activity#com.yuchengtech.mrtn.main.ui.AboutActivity
ADDED from src/main/AndroidManifest.xml:68:9-79
	android:name
		ADDED from src/main/AndroidManifest.xml:68:19-76
activity#com.yuchengtech.mrtn.main.ui.UserInfoActivity
ADDED from src/main/AndroidManifest.xml:69:9-82
	android:name
		ADDED from src/main/AndroidManifest.xml:69:19-79
activity#com.yuchengtech.mrtn.order.ui.OrderListActivity
ADDED from src/main/AndroidManifest.xml:70:9-84
	android:name
		ADDED from src/main/AndroidManifest.xml:70:19-81
activity#com.yuchengtech.mrtn.order.ui.OrderInfoActivity
ADDED from src/main/AndroidManifest.xml:71:9-84
	android:name
		ADDED from src/main/AndroidManifest.xml:71:19-81
activity#com.yuchengtech.mrtn.order.ui.PhotoActivity
ADDED from src/main/AndroidManifest.xml:72:9-80
	android:name
		ADDED from src/main/AndroidManifest.xml:72:19-77
activity#com.yuchengtech.mrtn.activity.order.McTermListActivity
ADDED from src/main/AndroidManifest.xml:73:9-91
	android:name
		ADDED from src/main/AndroidManifest.xml:73:19-88
activity#com.yuchengtech.mrtn.predict.ui.QueryPredictActivity
ADDED from src/main/AndroidManifest.xml:75:9-77:70
	android:windowSoftInputMode
		ADDED from src/main/AndroidManifest.xml:77:13-67
	android:name
		ADDED from src/main/AndroidManifest.xml:76:13-80
uses-sdk
INJECTED from src/main/AndroidManifest.xml reason: use-sdk injection requested
MERGED from [com.android.support:support-v4:21.0.3] AndroidManifest.xml:15:5-42
MERGED from [cn.pedant.sweetalert:library:1.3] AndroidManifest.xml:7:5-9:41
MERGED from [com.pnikosis:materialish-progress:1.0] AndroidManifest.xml:7:5-9:41
MERGED from [com.android.support:appcompat-v7:21.0.0] AndroidManifest.xml:15:5-42
MERGED from [com.android.support:support-v4:21.0.3] AndroidManifest.xml:15:5-42
	android:targetSdkVersion
		ADDED from [cn.pedant.sweetalert:library:1.3] AndroidManifest.xml:9:9-38
	android:minSdkVersion
		INJECTED from src/main/AndroidManifest.xml
		INJECTED from src/main/AndroidManifest.xml